<?xml version="1.0" encoding="UTF-8"?>
<!-- Generated by org.testng.reporters.JUnitReportReporter -->
<testsuite skipped="0" hostname="Malu-PC" name="tuesday_18.DemoA" tests="1" failures="0" timestamp="07 Sep 2018 11:00:23 GMT" time="0.002" errors="0">
  <testcase name="testA" time="0.002" classname="tuesday_18.DemoA"/>
</testsuite> <!-- tuesday_18.DemoA -->
