<?xml version="1.0" encoding="UTF-8"?>
<!-- Generated by org.testng.reporters.JUnitReportReporter -->
<testsuite skipped="0" hostname="Malu-PC" name="script.DemoA" tests="2" failures="0" timestamp="29 Sep 2018 06:15:49 GMT" time="0.016" errors="0">
  <testcase name="testA" time="0.014" classname="script.DemoA"/>
  <testcase name="testB" time="0.002" classname="script.DemoA"/>
</testsuite> <!-- script.DemoA -->
