<?xml version="1.0" encoding="UTF-8"?>
<!-- Generated by org.testng.reporters.JUnitReportReporter -->
<testsuite skipped="0" hostname="Malu-PC" name="actitime.DemoB" tests="1" failures="0" timestamp="07 Sep 2018 11:28:27 GMT" time="19.836" errors="0">
  <testcase name="testDemoB" time="19.836" classname="actitime.DemoB"/>
</testsuite> <!-- actitime.DemoB -->
