<?xml version="1.0" encoding="UTF-8"?>
<!-- Generated by org.testng.reporters.JUnitReportReporter -->
<testsuite skipped="0" hostname="Malu-PC" name="qsp.DemoB" tests="1" failures="0" timestamp="07 Sep 2018 11:10:22 GMT" time="0.016" errors="0">
  <testcase name="testA" time="0.016" classname="qsp.DemoB"/>
</testsuite> <!-- qsp.DemoB -->
