<?xml version="1.0" encoding="UTF-8"?>
<!-- Generated by org.testng.reporters.JUnitReportReporter -->
<testsuite skipped="0" hostname="Malu-PC" name="tuesday_18.TwoDimensional" tests="2" failures="0" timestamp="07 Sep 2018 10:45:36 GMT" time="0.013" errors="0">
  <testcase name="createUser" time="0.011" classname="tuesday_18.TwoDimensional"/>
  <testcase name="createUser" time="0.002" classname="tuesday_18.TwoDimensional"/>
</testsuite> <!-- tuesday_18.TwoDimensional -->
