<?xml version="1.0" encoding="UTF-8"?>
<!-- Generated by org.testng.reporters.JUnitReportReporter -->
<testsuite skipped="0" hostname="Malu-PC" name="qsp.Demo_Annotations" tests="4" failures="0" timestamp="07 Sep 2018 10:55:40 GMT" time="0.020" errors="0">
  <testcase name="createUser" time="0.011" classname="qsp.Demo_Annotations"/>
  <testcase name="createUser" time="0.002" classname="qsp.Demo_Annotations"/>
  <testcase name="editUser" time="0.003" classname="qsp.Demo_Annotations"/>
  <testcase name="deleteAllUser" time="0.004" classname="qsp.Demo_Annotations"/>
</testsuite> <!-- qsp.Demo_Annotations -->
