<?xml version="1.0" encoding="UTF-8"?>
<!-- Generated by org.testng.reporters.JUnitReportReporter -->
<testsuite skipped="0" hostname="Malu-PC" name="grid.GridDemo" tests="1" failures="0" timestamp="19 Sep 2018 14:13:28 GMT" time="27.077" errors="0">
  <testcase name="testDemoA" time="27.077" classname="grid.GridDemo"/>
</testsuite> <!-- grid.GridDemo -->
