<?xml version="1.0" encoding="UTF-8"?>
<!-- Generated by org.testng.reporters.JUnitReportReporter -->
<testsuite skipped="1" hostname="Malu-PC" name="tuesday_18.Groups" tests="3" failures="0" timestamp="07 Sep 2018 11:39:53 GMT" time="0.019" errors="0">
  <testcase name="createUser" time="0.016" classname="tuesday_18.Groups"/>
  <testcase name="deleteUser" time="0.003" classname="tuesday_18.Groups"/>
  <testcase name="editUser" classname="tuesday_18.Groups">
    <skipped/>
  </testcase> <!-- editUser -->
</testsuite> <!-- tuesday_18.Groups -->
