<?xml version="1.0" encoding="UTF-8"?>
<!-- Generated by org.testng.reporters.JUnitReportReporter -->
<testsuite skipped="0" hostname="Malu-PC" name="actitime.DemoA" tests="1" failures="0" timestamp="07 Sep 2018 11:14:45 GMT" time="10.276" errors="0">
  <testcase name="testDemoA" time="10.276" classname="actitime.DemoA"/>
</testsuite> <!-- actitime.DemoA -->
