<?xml version="1.0" encoding="UTF-8"?>
<!-- Generated by org.testng.reporters.JUnitReportReporter -->
<testsuite skipped="0" hostname="Malu-PC" name="qsp.DemoA" tests="1" failures="0" timestamp="07 Sep 2018 11:10:22 GMT" time="0.001" errors="0">
  <testcase name="testA" time="0.001" classname="qsp.DemoA"/>
</testsuite> <!-- qsp.DemoA -->
