<?xml version="1.0" encoding="UTF-8"?>
<!-- Generated by org.testng.reporters.JUnitReportReporter -->
<testsuite skipped="0" hostname="Malu-PC" name="fri_21.Edit" tests="1" failures="0" timestamp="19 Sep 2018 13:46:19 GMT" time="0.961" errors="0">
  <testcase name="testA" time="0.961" classname="fri_21.Edit"/>
</testsuite> <!-- fri_21.Edit -->
