<?xml version="1.0" encoding="UTF-8"?>
<!-- Generated by org.testng.reporters.JUnitReportReporter -->
<testsuite skipped="0" hostname="Malu-PC" name="tuesday_18.DataProviderrr" tests="2" failures="0" timestamp="07 Sep 2018 10:46:50 GMT" time="0.012" errors="0">
  <testcase name="createUser" time="0.011" classname="tuesday_18.DataProviderrr"/>
  <testcase name="createUser" time="0.001" classname="tuesday_18.DataProviderrr"/>
</testsuite> <!-- tuesday_18.DataProviderrr -->
