<?xml version="1.0" encoding="UTF-8"?>
<!-- Generated by org.testng.reporters.JUnitReportReporter -->
<testsuite skipped="0" hostname="Malu-PC" name="script.Test_org" tests="1" failures="0" timestamp="29 Sep 2018 05:44:18 GMT" time="161.273" errors="0">
  <testcase name="testA" time="161.273" classname="script.Test_org"/>
</testsuite> <!-- script.Test_org -->
