<?xml version="1.0" encoding="UTF-8"?>
<!-- Generated by org.testng.reporters.JUnitReportReporter -->
<testsuite skipped="0" hostname="Malu-PC" name="sample_work.RemoteClass" tests="1" failures="0" timestamp="19 Sep 2018 14:25:22 GMT" time="11.647" errors="0">
  <testcase name="testA" time="11.647" classname="sample_work.RemoteClass"/>
</testsuite> <!-- sample_work.RemoteClass -->
