<?xml version="1.0" encoding="UTF-8"?>
<!-- Generated by org.testng.reporters.JUnitReportReporter -->
<testsuite skipped="0" hostname="Malu-PC" name="sony.DemoA" tests="1" failures="0" timestamp="07 Sep 2018 11:19:12 GMT" time="0.015" errors="0">
  <testcase name="testA" time="0.015" classname="sony.DemoA"/>
</testsuite> <!-- sony.DemoA -->
