<?xml version="1.0" encoding="UTF-8"?>
<!-- Generated by org.testng.reporters.JUnitReportReporter -->
<testsuite skipped="0" hostname="Malu-PC" name="tuesday_18.DemoB" tests="2" failures="0" timestamp="07 Sep 2018 11:00:23 GMT" time="0.010" errors="0">
  <testcase name="testB1" time="0.007" classname="tuesday_18.DemoB"/>
  <testcase name="testB2" time="0.003" classname="tuesday_18.DemoB"/>
</testsuite> <!-- tuesday_18.DemoB -->
